\BOOKMARK [1][-]{section.1}{Introduction}{}% 1
\BOOKMARK [2][-]{subsection.1.1}{Objectif}{section.1}% 2
\BOOKMARK [2][-]{subsection.1.2}{Architecture}{section.1}% 3
\BOOKMARK [2][-]{subsection.1.3}{Choix des technologies}{section.1}% 4
\BOOKMARK [1][-]{section.2}{Cadre de d\351veloppement}{}% 5
\BOOKMARK [1][-]{section.3}{Interfaces}{}% 6
\BOOKMARK [2][-]{subsection.3.1}{Design}{section.3}% 7
\BOOKMARK [2][-]{subsection.3.2}{Technologies}{section.3}% 8
\BOOKMARK [3][-]{subsubsection.3.2.1}{Ionic2}{subsection.3.2}% 9
\BOOKMARK [3][-]{subsubsection.3.2.2}{Angular2}{subsection.3.2}% 10
\BOOKMARK [3][-]{subsubsection.3.2.3}{Leaflet}{subsection.3.2}% 11
\BOOKMARK [3][-]{subsubsection.3.2.4}{Cordova}{subsection.3.2}% 12
\BOOKMARK [1][-]{section.4}{Serveur et Communication}{}% 13
\BOOKMARK [2][-]{subsection.4.1}{Fonctionnement General}{section.4}% 14
\BOOKMARK [2][-]{subsection.4.2}{Base de donn\351e}{section.4}% 15
\BOOKMARK [3][-]{subsubsection.4.2.1}{Tables}{subsection.4.2}% 16
\BOOKMARK [3][-]{subsubsection.4.2.2}{Connection avec Django}{subsection.4.2}% 17
\BOOKMARK [2][-]{subsection.4.3}{Api}{section.4}% 18
\BOOKMARK [2][-]{subsection.4.4}{Notifications}{section.4}% 19
\BOOKMARK [3][-]{subsubsection.4.4.1}{Fonctionement}{subsection.4.4}% 20
\BOOKMARK [3][-]{subsubsection.4.4.2}{Firebase Cloud Messaging}{subsection.4.4}% 21
\BOOKMARK [1][-]{section.5}{G\351olocalisation}{}% 22
\BOOKMARK [2][-]{subsection.5.1}{Gestion des coordonn\351es}{section.5}% 23
\BOOKMARK [2][-]{subsection.5.2}{Gestion de l'orientation}{section.5}% 24
\BOOKMARK [2][-]{subsection.5.3}{Calculs des parcours}{section.5}% 25
\BOOKMARK [1][-]{section.6}{S\351curit\351}{}% 26
\BOOKMARK [2][-]{subsection.6.1}{Communication}{section.6}% 27
\BOOKMARK [2][-]{subsection.6.2}{Tests Unitaires}{section.6}% 28
\BOOKMARK [3][-]{subsubsection.6.2.1}{Tests API}{subsection.6.2}% 29
\BOOKMARK [3][-]{subsubsection.6.2.2}{Tests du Push}{subsection.6.2}% 30
\BOOKMARK [3][-]{subsubsection.6.2.3}{Coverage}{subsection.6.2}% 31
\BOOKMARK [1][-]{section.7}{Conclusion}{}% 32
\BOOKMARK [2][-]{subsection.7.1}{Application fournie}{section.7}% 33
\BOOKMARK [2][-]{subsection.7.2}{Planification}{section.7}% 34
\BOOKMARK [2][-]{subsection.7.3}{Travail de groupe}{section.7}% 35
\BOOKMARK [1][-]{section.8}{Annexes projet}{}% 36
\BOOKMARK [2][-]{subsection.8.1}{Cahier des charges}{section.8}% 37
